[2025-05-26 15:59:55,324] INFO - admin_operations - Panel de administracin de Mobility-for-you cargado exitosamente
[2025-05-26 14:02:50,716] INFO - admin_operations - Panel de administraci贸n de Mobility-for-you cargado exitosamente
[2025-05-26 14:02:51,683] INFO - admin_operations - Panel de administraci贸n de Mobility-for-you cargado exitosamente
[2025-05-26 14:02:52,604] INFO - admin_operations - Panel de administraci贸n de Mobility-for-you cargado exitosamente
[2025-05-26 14:02:53,687] INFO - admin_operations - Panel de administraci贸n de Mobility-for-you cargado exitosamente
[2025-05-26 14:02:54,626] INFO - admin_operations - Panel de administraci贸n de Mobility-for-you cargado exitosamente
[2025-05-26 14:02:55,484] INFO - admin_operations - Panel de administraci贸n de Mobility-for-you cargado exitosamente
[2025-05-26 14:02:56,439] INFO - admin_operations - Panel de administraci贸n de Mobility-for-you cargado exitosamente
[2025-05-26 14:02:57,185] INFO - admin_operations - Panel de administraci贸n de Mobility-for-you cargado exitosamente
[2025-05-26 14:02:57,918] INFO - admin_operations - Panel de administraci贸n de Mobility-for-you cargado exitosamente
[2025-05-26 14:02:57,918] INFO - admin_operations - Panel de administraci贸n de Mobility-for-you cargado exitosamente
[2025-05-26 14:02:58,034] INFO - admin_operations - Panel de administraci贸n de Mobility-for-you cargado exitosamente
[2025-05-26 14:02:58,078] INFO - admin_operations - Panel de administraci贸n de Mobility-for-you cargado exitosamente
[2025-05-26 16:10:00,825] INFO - admin_operations - Panel de administracin de Mobility-for-you cargado exitosamente
[2025-05-26 16:10:50,832] INFO - admin_operations - Panel de administracin de Mobility-for-you cargado exitosamente
[2025-05-26 16:12:58,266] INFO - admin_operations - Panel de administracin de Mobility-for-you cargado exitosamente
[2025-05-26 16:13:19,885] INFO - admin_operations - Panel de administracin de Mobility-for-you cargado exitosamente
[2025-05-26 14:13:33,815] INFO - admin_operations - Panel de administraci贸n de Mobility-for-you cargado exitosamente
[2025-05-26 14:13:34,725] INFO - admin_operations - Panel de administraci贸n de Mobility-for-you cargado exitosamente
[2025-05-26 14:13:35,675] INFO - admin_operations - Panel de administraci贸n de Mobility-for-you cargado exitosamente
[2025-05-26 14:13:36,570] INFO - admin_operations - Panel de administraci贸n de Mobility-for-you cargado exitosamente
[2025-05-26 14:13:37,466] INFO - admin_operations - Panel de administraci贸n de Mobility-for-you cargado exitosamente
[2025-05-26 14:13:38,279] INFO - admin_operations - Panel de administraci贸n de Mobility-for-you cargado exitosamente
[2025-05-26 14:13:39,079] INFO - admin_operations - Panel de administraci贸n de Mobility-for-you cargado exitosamente
[2025-05-26 14:13:39,764] INFO - admin_operations - Panel de administraci贸n de Mobility-for-you cargado exitosamente
[2025-05-26 14:13:40,463] INFO - admin_operations - Panel de administraci贸n de Mobility-for-you cargado exitosamente
[2025-05-26 14:13:40,463] INFO - admin_operations - Panel de administraci贸n de Mobility-for-you cargado exitosamente
[2025-05-26 14:13:40,541] INFO - admin_operations - Panel de administraci贸n de Mobility-for-you cargado exitosamente
[2025-05-26 14:13:40,586] INFO - admin_operations - Panel de administraci贸n de Mobility-for-you cargado exitosamente
[2025-05-26 14:16:11,656] INFO - admin_operations - Panel de administraci贸n de Mobility-for-you cargado exitosamente
[2025-05-26 14:16:12,792] INFO - admin_operations - Panel de administraci贸n de Mobility-for-you cargado exitosamente
[2025-05-26 14:16:13,845] INFO - admin_operations - Panel de administraci贸n de Mobility-for-you cargado exitosamente
[2025-05-26 14:16:14,935] INFO - admin_operations - Panel de administraci贸n de Mobility-for-you cargado exitosamente
[2025-05-26 14:16:16,036] INFO - admin_operations - Panel de administraci贸n de Mobility-for-you cargado exitosamente
[2025-05-26 14:16:17,074] INFO - admin_operations - Panel de administraci贸n de Mobility-for-you cargado exitosamente
[2025-05-26 14:16:18,266] INFO - admin_operations - Panel de administraci贸n de Mobility-for-you cargado exitosamente
[2025-05-26 14:16:19,184] INFO - admin_operations - Panel de administraci贸n de Mobility-for-you cargado exitosamente
[2025-05-26 14:16:20,074] INFO - admin_operations - Panel de administraci贸n de Mobility-for-you cargado exitosamente
[2025-05-26 14:16:20,141] INFO - admin_operations - Panel de administraci贸n de Mobility-for-you cargado exitosamente
[2025-05-26 14:16:20,219] INFO - admin_operations - Panel de administraci贸n de Mobility-for-you cargado exitosamente
[2025-05-26 14:16:20,310] INFO - admin_operations - Panel de administraci贸n de Mobility-for-you cargado exitosamente
[2025-05-26 17:49:22,711] INFO - admin_operations - Panel de administracin de Mobility-for-you cargado exitosamente
[2025-05-26 15:50:49,074] INFO - admin_operations - Panel de administraci贸n de Mobility-for-you cargado exitosamente
[2025-05-26 15:50:50,132] INFO - admin_operations - Panel de administraci贸n de Mobility-for-you cargado exitosamente
[2025-05-26 15:50:51,100] INFO - admin_operations - Panel de administraci贸n de Mobility-for-you cargado exitosamente
[2025-05-26 15:50:52,348] INFO - admin_operations - Panel de administraci贸n de Mobility-for-you cargado exitosamente
[2025-05-26 15:50:53,483] INFO - admin_operations - Panel de administraci贸n de Mobility-for-you cargado exitosamente
[2025-05-26 15:50:54,491] INFO - admin_operations - Panel de administraci贸n de Mobility-for-you cargado exitosamente
[2025-05-26 15:50:55,542] INFO - admin_operations - Panel de administraci贸n de Mobility-for-you cargado exitosamente
[2025-05-26 15:50:56,388] INFO - admin_operations - Panel de administraci贸n de Mobility-for-you cargado exitosamente
[2025-05-26 15:50:57,193] INFO - admin_operations - Panel de administraci贸n de Mobility-for-you cargado exitosamente
[2025-05-26 15:50:57,214] INFO - admin_operations - Panel de administraci贸n de Mobility-for-you cargado exitosamente
[2025-05-26 15:50:57,242] INFO - admin_operations - Panel de administraci贸n de Mobility-for-you cargado exitosamente
[2025-05-26 15:50:57,255] INFO - admin_operations - Panel de administraci贸n de Mobility-for-you cargado exitosamente
[2025-05-26 17:56:58,947] INFO - admin_operations - Panel de administracin de Mobility-for-you cargado exitosamente
[2025-05-26 15:57:10,532] INFO - admin_operations - Panel de administraci贸n de Mobility-for-you cargado exitosamente
[2025-05-26 15:57:11,664] INFO - admin_operations - Panel de administraci贸n de Mobility-for-you cargado exitosamente
[2025-05-26 15:57:12,574] INFO - admin_operations - Panel de administraci贸n de Mobility-for-you cargado exitosamente
[2025-05-26 15:57:13,674] INFO - admin_operations - Panel de administraci贸n de Mobility-for-you cargado exitosamente
[2025-05-26 15:57:14,714] INFO - admin_operations - Panel de administraci贸n de Mobility-for-you cargado exitosamente
[2025-05-26 15:57:15,616] INFO - admin_operations - Panel de administraci贸n de Mobility-for-you cargado exitosamente
[2025-05-26 15:57:16,785] INFO - admin_operations - Panel de administraci贸n de Mobility-for-you cargado exitosamente
[2025-05-26 15:57:17,650] INFO - admin_operations - Panel de administraci贸n de Mobility-for-you cargado exitosamente
[2025-05-26 15:57:18,457] INFO - admin_operations - Panel de administraci贸n de Mobility-for-you cargado exitosamente
[2025-05-26 15:57:18,525] INFO - admin_operations - Panel de administraci贸n de Mobility-for-you cargado exitosamente
[2025-05-26 15:57:18,566] INFO - admin_operations - Panel de administraci贸n de Mobility-for-you cargado exitosamente
[2025-05-26 15:57:18,604] INFO - admin_operations - Panel de administraci贸n de Mobility-for-you cargado exitosamente
[2025-05-26 15:57:36,524] INFO - admin_operations - INICIO GET_QUERYSET: Usuario mobility4you_admin (1) ejecutando GET_QUERYSET en Vehiculo
[2025-05-26 15:57:36,525] INFO - admin_operations - XITO GET_QUERYSET: Completado en 0.00s por mobility4you_admin en Vehiculo
[2025-05-26 15:57:36,527] INFO - admin_operations - INICIO GET_QUERYSET: Usuario mobility4you_admin (1) ejecutando GET_QUERYSET en Vehiculo
[2025-05-26 15:57:36,527] INFO - admin_operations - XITO GET_QUERYSET: Completado en 0.00s por mobility4you_admin en Vehiculo
[2025-05-26 15:57:36,528] INFO - admin_operations - INICIO GET_QUERYSET: Usuario mobility4you_admin (1) ejecutando GET_QUERYSET en Vehiculo
[2025-05-26 15:57:36,528] INFO - admin_operations - XITO GET_QUERYSET: Completado en 0.00s por mobility4you_admin en Vehiculo
[2025-05-26 15:57:39,604] INFO - admin_operations - INICIO GET_QUERYSET: Usuario mobility4you_admin (1) ejecutando GET_QUERYSET en Categoria
[2025-05-26 15:57:39,605] INFO - admin_operations - XITO GET_QUERYSET: Completado en 0.00s por mobility4you_admin en Categoria
[2025-05-26 16:07:04,426] INFO - admin_operations - INICIO GET_QUERYSET: Usuario mobility4you_admin (1) ejecutando GET_QUERYSET en Vehiculo
[2025-05-26 16:07:04,426] INFO - admin_operations - XITO GET_QUERYSET: Completado en 0.00s por mobility4you_admin en Vehiculo
[2025-05-26 16:07:04,428] INFO - admin_operations - INICIO GET_QUERYSET: Usuario mobility4you_admin (1) ejecutando GET_QUERYSET en Vehiculo
[2025-05-26 16:07:04,429] INFO - admin_operations - XITO GET_QUERYSET: Completado en 0.00s por mobility4you_admin en Vehiculo
[2025-05-26 16:07:04,429] INFO - admin_operations - INICIO GET_QUERYSET: Usuario mobility4you_admin (1) ejecutando GET_QUERYSET en Vehiculo
[2025-05-26 16:07:04,430] INFO - admin_operations - XITO GET_QUERYSET: Completado en 0.00s por mobility4you_admin en Vehiculo
[2025-05-26 16:07:06,384] INFO - admin_operations - INICIO GET_QUERYSET: Usuario mobility4you_admin (1) ejecutando GET_QUERYSET en Reserva
[2025-05-26 16:07:06,384] INFO - admin_operations - XITO GET_QUERYSET: Completado en 0.00s por mobility4you_admin en Reserva
[2025-05-26 16:07:14,991] INFO - admin_operations - INICIO GET_QUERYSET: Usuario mobility4you_admin (1) ejecutando GET_QUERYSET en Usuario
[2025-05-26 16:07:14,992] INFO - admin_operations - XITO GET_QUERYSET: Completado en 0.00s por mobility4you_admin en Usuario
[2025-05-26 16:07:14,992] INFO - admin_operations - INICIO GET_QUERYSET: Usuario mobility4you_admin (1) ejecutando GET_QUERYSET en Usuario
[2025-05-26 16:07:14,993] INFO - admin_operations - XITO GET_QUERYSET: Completado en 0.00s por mobility4you_admin en Usuario
[2025-05-26 16:07:16,686] INFO - admin_operations - INICIO GET_QUERYSET: Usuario mobility4you_admin (1) ejecutando GET_QUERYSET en Categoria
[2025-05-26 16:07:16,687] INFO - admin_operations - XITO GET_QUERYSET: Completado en 0.00s por mobility4you_admin en Categoria
[2025-05-26 18:11:32,312] INFO - admin_operations - Panel de administracin de Mobility-for-you cargado exitosamente
[2025-05-26 16:12:34,151] INFO - admin_operations - Panel de administraci贸n de Mobility-for-you cargado exitosamente
[2025-05-26 16:12:35,245] INFO - admin_operations - Panel de administraci贸n de Mobility-for-you cargado exitosamente
[2025-05-26 16:12:36,170] INFO - admin_operations - Panel de administraci贸n de Mobility-for-you cargado exitosamente
[2025-05-26 16:12:37,172] INFO - admin_operations - Panel de administraci贸n de Mobility-for-you cargado exitosamente
[2025-05-26 16:12:38,204] INFO - admin_operations - Panel de administraci贸n de Mobility-for-you cargado exitosamente
[2025-05-26 16:12:39,135] INFO - admin_operations - Panel de administraci贸n de Mobility-for-you cargado exitosamente
[2025-05-26 16:12:40,492] INFO - admin_operations - Panel de administraci贸n de Mobility-for-you cargado exitosamente
[2025-05-26 16:12:41,852] INFO - admin_operations - Panel de administraci贸n de Mobility-for-you cargado exitosamente
[2025-05-26 16:12:42,730] INFO - admin_operations - Panel de administraci贸n de Mobility-for-you cargado exitosamente
[2025-05-26 16:12:42,732] INFO - admin_operations - Panel de administraci贸n de Mobility-for-you cargado exitosamente
[2025-05-26 16:12:42,735] INFO - admin_operations - Panel de administraci贸n de Mobility-for-you cargado exitosamente
[2025-05-26 16:12:42,846] INFO - admin_operations - Panel de administraci贸n de Mobility-for-you cargado exitosamente
[2025-05-26 16:14:42,651] INFO - admin_operations - INICIO SAVE: Usuario mobility4you_admin (1) ejecutando SAVE en ImagenVehiculo
[2025-05-26 16:14:42,651] INFO - admin_operations - Modificando ImagenVehiculo ID:1 por usuario mobility4you_admin
[2025-05-26 16:14:42,658] INFO - admin_operations - XITO SAVE: Completado en 0.01s por mobility4you_admin en ImagenVehiculo
[2025-05-26 16:14:53,709] INFO - admin_operations - INICIO SAVE: Usuario mobility4you_admin (1) ejecutando SAVE en ImagenVehiculo
[2025-05-26 16:14:53,709] INFO - admin_operations - Modificando ImagenVehiculo ID:1 por usuario mobility4you_admin
[2025-05-26 16:14:53,711] INFO - admin_operations - XITO SAVE: Completado en 0.00s por mobility4you_admin en ImagenVehiculo
[2025-05-26 16:15:34,295] INFO - admin_operations - INICIO SAVE: Usuario mobility4you_admin (1) ejecutando SAVE en ImagenVehiculo
[2025-05-26 16:15:34,295] INFO - admin_operations - Creando nuevo ImagenVehiculo por usuario mobility4you_admin
[2025-05-26 16:15:34,300] INFO - admin_operations - XITO SAVE: Completado en 0.00s por mobility4you_admin en ImagenVehiculo
[2025-05-26 16:15:56,058] INFO - admin_operations - INICIO SAVE: Usuario mobility4you_admin (1) ejecutando SAVE en ImagenVehiculo
[2025-05-26 16:15:56,059] INFO - admin_operations - Modificando ImagenVehiculo ID:2 por usuario mobility4you_admin
[2025-05-26 16:15:56,060] INFO - admin_operations - XITO SAVE: Completado en 0.00s por mobility4you_admin en ImagenVehiculo
[2025-05-26 16:16:06,545] INFO - admin_operations - INICIO SAVE: Usuario mobility4you_admin (1) ejecutando SAVE en ImagenVehiculo
[2025-05-26 16:16:06,545] INFO - admin_operations - Modificando ImagenVehiculo ID:2 por usuario mobility4you_admin
[2025-05-26 16:16:06,547] INFO - admin_operations - XITO SAVE: Completado en 0.00s por mobility4you_admin en ImagenVehiculo
[2025-05-26 16:33:11,212] INFO - admin_operations - INICIO SAVE: Usuario mobility4you_admin (1) ejecutando SAVE en ImagenVehiculo
[2025-05-26 16:33:11,215] INFO - admin_operations - Creando nuevo ImagenVehiculo por usuario mobility4you_admin
[2025-05-26 16:33:11,225] INFO - admin_operations - XITO SAVE: Completado en 0.01s por mobility4you_admin en ImagenVehiculo
[2025-05-26 16:33:23,188] INFO - admin_operations - INICIO SAVE: Usuario mobility4you_admin (1) ejecutando SAVE en ImagenVehiculo
[2025-05-26 16:33:23,189] INFO - admin_operations - Modificando ImagenVehiculo ID:3 por usuario mobility4you_admin
[2025-05-26 16:33:23,194] INFO - admin_operations - XITO SAVE: Completado en 0.01s por mobility4you_admin en ImagenVehiculo
[2025-05-26 16:35:55,873] INFO - admin_operations - Panel de administraci贸n de Mobility-for-you cargado exitosamente
[2025-05-26 16:35:57,230] INFO - admin_operations - Panel de administraci贸n de Mobility-for-you cargado exitosamente
[2025-05-26 16:35:58,443] INFO - admin_operations - Panel de administraci贸n de Mobility-for-you cargado exitosamente
[2025-05-26 16:35:59,655] INFO - admin_operations - Panel de administraci贸n de Mobility-for-you cargado exitosamente
[2025-05-26 16:36:00,753] INFO - admin_operations - Panel de administraci贸n de Mobility-for-you cargado exitosamente
[2025-05-26 16:36:01,755] INFO - admin_operations - Panel de administraci贸n de Mobility-for-you cargado exitosamente
[2025-05-26 16:36:02,824] INFO - admin_operations - Panel de administraci贸n de Mobility-for-you cargado exitosamente
[2025-05-26 16:36:03,647] INFO - admin_operations - Panel de administraci贸n de Mobility-for-you cargado exitosamente
[2025-05-26 16:36:04,486] INFO - admin_operations - Panel de administraci贸n de Mobility-for-you cargado exitosamente
[2025-05-26 16:36:04,544] INFO - admin_operations - Panel de administraci贸n de Mobility-for-you cargado exitosamente
[2025-05-26 16:36:04,609] INFO - admin_operations - Panel de administraci贸n de Mobility-for-you cargado exitosamente
[2025-05-26 16:36:04,689] INFO - admin_operations - Panel de administraci贸n de Mobility-for-you cargado exitosamente
